42 0
44375 16
49833 32
68042 48
82958 64
109458 80
148958 96
157542 112
196791 128
201459 144
192667 160
240417 176
290959 192
268375 208
286084 224
293917 240
345708 256
347208 272
349125 288
370459 304
393875 320
448916 336
508500 352
506500 368
516584 384
474666 400
499083 416
568000 432
560208 448
701958 464
573458 480
728042 496
732958 512
809875 528
809583 544
835250 560
848042 576
762875 592
825917 608
849666 624
866000 640
775875 656
850125 672
865625 688
884958 704
1152625 720
1010666 736
1340458 752
1510000 768
1129875 784
957208 800
990792 816
997708 832
1033917 848
1056417 864
1170750 880
1064750 896
1251541 912
1091625 928
1265250 944
1200875 960
1279583 976
1461708 992
1482041 1008
1369333 1024
1231458 1040
1307959 1056
1268417 1072
1312083 1088
1337292 1104
1349791 1120
1389291 1136
1368166 1152
1416166 1168
1405250 1184
1468083 1200
1499584 1216
1518458 1232
1542792 1248
1518209 1264
1549833 1280
1522333 1296
1743125 1312
1625000 1328
1620125 1344
1698000 1360
1667083 1376
1714375 1392
1703083 1408
1732125 1424
1778083 1440
1809375 1456
2034084 1472
1778625 1488
2000083 1504
1982583 1520
2005459 1536
2345625 1552
2139167 1568
1996083 1584
2061125 1600
2250250 1616
2117833 1632
2136458 1648
2099791 1664
2072125 1680
2136916 1696
2035875 1712
2257958 1728
2131709 1744
2183542 1760
2189709 1776
2202625 1792
4298792 1808
2274667 1824
2363125 1840
2342750 1856
2346667 1872
2381500 1888
2906291 1904
2432667 1920
2480167 1936
2406250 1952
2350250 1968
2492792 1984
2506583 2000
2774958 2016
2857083 2032
2628916 2048
2758750 2064
2795750 2080
3027875 2096
3070375 2112
3397167 2128
2819208 2144
2703750 2160
2698083 2176
2581250 2192
2716000 2208
2698625 2224
2728666 2240
2965250 2256
2923167 2272
2996125 2288
2884875 2304
2754417 2320
3094625 2336
2839834 2352
2878959 2368
2770917 2384
3144375 2400
2980666 2416
2914125 2432
2957500 2448
2963084 2464
2987125 2480
2966167 2496
3347500 2512
2984000 2528
3026667 2544
3289417 2560
3050458 2576
3196042 2592
3081166 2608
4204375 2624
3497125 2640
3215666 2656
3255458 2672
3208167 2688
3855917 2704
3298708 2720
3564667 2736
3268416 2752
3399375 2768
3391792 2784
3369042 2800
3381042 2816
3472875 2832
3598083 2848
3415125 2864
3528708 2880
3658917 2896
3596959 2912
3619125 2928
3818708 2944
3886583 2960
3617916 2976
3678833 2992
3774042 3008
4041875 3024
3762750 3040
3681125 3056
3745500 3072
3874167 3088
3909708 3104
3861500 3120
3835833 3136
4987000 3152
4228292 3168
3962250 3184
4052958 3200
4414292 3216
4626041 3232
4028125 3248
4037625 3264
4835333 3280
4055208 3296
3904125 3312
4041541 3328
4135917 3344
4035125 3360
4251875 3376
4139208 3392
4707375 3408
4340125 3424
4300708 3440
4529958 3456
4403625 3472
4349625 3488
4280000 3504
4452167 3520
4143875 3536
4316583 3552
4524583 3568
4508541 3584
4481750 3600
4457708 3616
4798458 3632
4512000 3648
4696833 3664
5642042 3680
4969125 3696
4638583 3712
4425875 3728
5480625 3744
4694500 3760
4647791 3776
4676334 3792
4906250 3808
4802833 3824
4687042 3840
4983334 3856
4668750 3872
4773959 3888
4805375 3904
4956042 3920
4810333 3936
5101667 3952
5061125 3968
4883834 3984
4866084 4000
5073625 4016
5110167 4032
5105625 4048
4955416 4064
5160333 4080
4879334 4096
5320292 4112
4885458 4128
5102375 4144
5120542 4160
5616750 4176
8963333 4192
5366833 4208
6039833 4224
5592666 4240
5105375 4256
5230500 4272
5089459 4288
5227750 4304
5252333 4320
5227792 4336
5406916 4352
5834333 4368
5182000 4384
5516583 4400
5526458 4416
5175875 4432
5179416 4448
5266458 4464
5289500 4480
5464958 4496
5240083 4512
5412375 4528
5536250 4544
5353042 4560
5227125 4576
5458333 4592
5466084 4608
5487708 4624
5306250 4640
5667875 4656
5394417 4672
5521500 4688
5479084 4704
5927000 4720
5519875 4736
6575708 4752
5612042 4768
5533542 4784
6256042 4800
5347416 4816
5574833 4832
5542583 4848
5783166 4864
5591958 4880
5967000 4896
5968625 4912
5481250 4928
5665750 4944
5615083 4960
6486208 4976
5783500 4992
5840583 5008
5691834 5024
5724417 5040
5736208 5056
5938709 5072
5644375 5088
5531167 5104
5703500 5120
5769083 5136
6069500 5152
5703792 5168
5867584 5184
5987375 5200
5849541 5216
6192917 5232
6000625 5248
6382875 5264
6995000 5280
6465209 5296
5738375 5312
6884292 5328
5969000 5344
6025250 5360
5921583 5376
6066709 5392
5944375 5408
6102458 5424
6177875 5440
6386209 5456
6008417 5472
5872542 5488
5999625 5504
6027875 5520
6197375 5536
6074334 5552
6189333 5568
6006250 5584
6334041 5600
6141583 5616
6228167 5632
9341542 5648
5960792 5664
6002625 5680
5910209 5696
6186917 5712
6064083 5728
6196416 5744
6414958 5760
6321834 5776
6216834 5792
6540708 5808
6862833 5824
6000791 5840
6292083 5856
6179625 5872
6296458 5888
6312667 5904
6506625 5920
6335208 5936
9899083 5952
6202750 5968
6339042 5984
6381291 6000
6298417 6016
6390458 6032
6353792 6048
6823583 6064
6553000 6080
6487459 6096
6946416 6112
9868084 6128
7707666 6144
12666875 6160
6651333 6176
6462708 6192
6804958 6208
6442333 6224
6775666 6240
6801625 6256
6604542 6272
6608667 6288
6647041 6304
6655750 6320
7453542 6336
7242750 6352
6741000 6368
6696333 6384
6594666 6400
6803125 6416
6733667 6432
6845167 6448
6804834 6464
6950959 6480
6774750 6496
6829708 6512
11362583 6528
7172167 6544
6814208 6560
6784208 6576
6950625 6592
6950875 6608
6947250 6624
6892834 6640
7486458 6656
6947583 6672
6790333 6688
6901792 6704
6914000 6720
7065458 6736
6921333 6752
7109750 6768
7370791 6784
7880458 6800
7113375 6816
6994083 6832
7078791 6848
7770709 6864
8157250 6880
7404875 6896
7246875 6912
7036542 6928
7496792 6944
7088458 6960
7360000 6976
7282375 6992
7369042 7008
7586958 7024
7134417 7040
10903917 7056
7302625 7072
7397375 7088
7439375 7104
7537667 7120
7455750 7136
7409959 7152
7501125 7168
7467750 7184
7510958 7200
7193042 7216
7461667 7232
7328917 7248
7708041 7264
7831166 7280
7621542 7296
7524666 7312
7698834 7328
7551500 7344
8321291 7360
7727625 7376
8477333 7392
8157958 7408
7476209 7424
7657666 7440
7531083 7456
7684125 7472
7683542 7488
8271583 7504
7788292 7520
7850959 7536
8129208 7552
7685167 7568
7684125 7584
7680875 7600
7786875 7616
8098458 7632
8094625 7648
7786083 7664
7912666 7680
7841458 7696
7987292 7712
7748375 7728
7667125 7744
8153583 7760
11355292 7776
8133208 7792
7778625 7808
8059916 7824
7734000 7840
8050541 7856
8048958 7872
7750875 7888
8438917 7904
9381167 7920
8573708 7936
7909041 7952
8196208 7968
8179542 7984
12782458 8000
8483167 8016
8154959 8032
8102500 8048
7958167 8064
8138958 8080
8078250 8096
8703917 8112
8154792 8128
8206333 8144
8101041 8160
9014042 8176
8137083 8192
8252542 8208
11714542 8224
8058375 8240
9008667 8256
8711166 8272
8261250 8288
8542667 8304
8440208 8320
8197125 8336
8360709 8352
8255708 8368
8339916 8384
8270333 8400
8169333 8416
9372083 8432
8541792 8448
8578458 8464
8302625 8480
8591625 8496
8438375 8512
8559792 8528
8502959 8544
8578375 8560
8517041 8576
8384875 8592
8788666 8608
8538125 8624
8587417 8640
8629083 8656
8574625 8672
8568917 8688
8640208 8704
8609500 8720
8713000 8736
8540459 8752
8477542 8768
8748000 8784
8604083 8800
8669916 8816
8640417 8832
11867291 8848
8651834 8864
8942583 8880
10583416 8896
8809583 8912
9569209 8928
9074500 8944
9252625 8960
8600500 8976
9199833 8992
