41 0
1750 16
2125 32
2416 48
791 64
1000 80
1250 96
3166 112
1583 128
2958 144
3166 160
3458 176
3667 192
3917 208
2667 224
11541 240
3083 256
3250 272
3417 288
3583 304
3833 320
4041 336
4292 352
4541 368
4708 384
4791 400
5000 416
5375 432
5292 448
6542 464
6333 480
6416 496
6291 512
6417 528
6875 544
7083 560
7375 576
7458 592
8167 608
7750 624
7584 640
8000 656
8125 672
11458 688
8542 704
8833 720
8625 736
9125 752
9500 768
9333 784
9500 800
9708 816
9792 832
10167 848
10167 864
10417 880
11333 896
12375 912
10959 928
11208 944
11334 960
12000 976
11667 992
11875 1008
12000 1024
12375 1040
13042 1056
12875 1072
13250 1088
13625 1104
13458 1120
13709 1136
13875 1152
14417 1168
223750 1184
14625 1200
15208 1216
14959 1232
15166 1248
15542 1264
15375 1280
16542 1296
16042 1312
15917 1328
16125 1344
16708 1360
16834 1376
17083 1392
17250 1408
17042 1424
17959 1440
17750 1456
17625 1472
18250 1488
19167 1504
18459 1520
18167 1536
18209 1552
18583 1568
20166 1584
20750 1600
20958 1616
20334 1632
32500 1648
22875 1664
22250 1680
20125 1696
22292 1712
20875 1728
26083 1744
21334 1760
22666 1776
21791 1792
22375 1808
22708 1824
22375 1840
24500 1856
22667 1872
24958 1888
26250 1904
23333 1920
23500 1936
23625 1952
23583 1968
25750 1984
23833 2000
26291 2016
24542 2032
28500 2048
25125 2064
26334 2080
26417 2096
29917 2112
29792 2128
27125 2144
26000 2160
27042 2176
27959 2192
28333 2208
26625 2224
26750 2240
28292 2256
29375 2272
27125 2288
27833 2304
28709 2320
28833 2336
28167 2352
27875 2368
28208 2384
28333 2400
29000 2416
29834 2432
28791 2448
29417 2464
31208 2480
29334 2496
29875 2512
30125 2528
29916 2544
31083 2560
34500 2576
33625 2592
35292 2608
31792 2624
31667 2640
34542 2656
33208 2672
31750 2688
33083 2704
34833 2720
34417 2736
34958 2752
33542 2768
33083 2784
35750 2800
37208 2816
37084 2832
35625 2848
36166 2864
36375 2880
35792 2896
35167 2912
37208 2928
36458 2944
38583 2960
35708 2976
36708 2992
40375 3008
35959 3024
36125 3040
36584 3056
38917 3072
37916 3088
38042 3104
38959 3120
36750 3136
37541 3152
41500 3168
39292 3184
39667 3200
40583 3216
41292 3232
40042 3248
39458 3264
42792 3280
43291 3296
38917 3312
39833 3328
40500 3344
41417 3360
41792 3376
43041 3392
42625 3408
44625 3424
43417 3440
44334 3456
44083 3472
43625 3488
43000 3504
44959 3520
44792 3536
45709 3552
42958 3568
42958 3584
44500 3600
45667 3616
44959 3632
47625 3648
43917 3664
43334 3680
43750 3696
43917 3712
49042 3728
50042 3744
47917 3760
44583 3776
49250 3792
46542 3808
45959 3824
48709 3840
48166 3856
349916 3872
46459 3888
46541 3904
46708 3920
48125 3936
47167 3952
46875 3968
47083 3984
49209 4000
48250 4016
48667 4032
49125 4048
49500 4064
49833 4080
49250 4096
49709 4112
50125 4128
49625 4144
50542 4160
50625 4176
53000 4192
50500 4208
51750 4224
50916 4240
52667 4256
51708 4272
53833 4288
53750 4304
53084 4320
55417 4336
58208 4352
53000 4368
54750 4384
57583 4400
55625 4416
56750 4432
54625 4448
56042 4464
55584 4480
55834 4496
57042 4512
55667 4528
56125 4544
57250 4560
56583 4576
60500 4592
59125 4608
56333 4624
55833 4640
57833 4656
59458 4672
57750 4688
57708 4704
58417 4720
62875 4736
60875 4752
59750 4768
59084 4784
59792 4800
61791 4816
58083 4832
58334 4848
61708 4864
61916 4880
60416 4896
60667 4912
60291 4928
62500 4944
64208 4960
63583 4976
60000 4992
62208 5008
60708 5024
62375 5040
60458 5056
60583 5072
60750 5088
61083 5104
64417 5120
64333 5136
61375 5152
63833 5168
61958 5184
61750 5200
68208 5216
65750 5232
64000 5248
62875 5264
64834 5280
64000 5296
69208 5312
65833 5328
62959 5344
66416 5360
66917 5376
66875 5392
85333 5408
66958 5424
70291 5440
64416 5456
69250 5472
66667 5488
65791 5504
66750 5520
68583 5536
69167 5552
69209 5568
70416 5584
67292 5600
70125 5616
67875 5632
69291 5648
70625 5664
67875 5680
70250 5696
69083 5712
70083 5728
70750 5744
70375 5760
69833 5776
69250 5792
72416 5808
71375 5824
74500 5840
74375 5856
72792 5872
70792 5888
72458 5904
73541 5920
73459 5936
71917 5952
74208 5968
74042 5984
72167 6000
76291 6016
76709 6032
74917 6048
580958 6064
73167 6080
113833 6096
83625 6112
79333 6128
75209 6144
76958 6160
77792 6176
74584 6192
76334 6208
75375 6224
82042 6240
76584 6256
76500 6272
75834 6288
77166 6304
76000 6320
77000 6336
77667 6352
79500 6368
76833 6384
78750 6400
77875 6416
77292 6432
77000 6448
78542 6464
78834 6480
78459 6496
76542 6512
79833 6528
76792 6544
80042 6560
78541 6576
86000 6592
80083 6608
79792 6624
80792 6640
81583 6656
82625 6672
81959 6688
83125 6704
82167 6720
82459 6736
82000 6752
82917 6768
86625 6784
82625 6800
81000 6816
81542 6832
83167 6848
84792 6864
84917 6880
83125 6896
83042 6912
83875 6928
82208 6944
82625 6960
82834 6976
86625 6992
85542 7008
84959 7024
88833 7040
86125 7056
84542 7072
87000 7088
86875 7104
87708 7120
86875 7136
86333 7152
86750 7168
87917 7184
87875 7200
87667 7216
89459 7232
91875 7248
90458 7264
91375 7280
90333 7296
89667 7312
89250 7328
89458 7344
91375 7360
91417 7376
94000 7392
92375 7408
91875 7424
92625 7440
92500 7456
92208 7472
91625 7488
92167 7504
93792 7520
98584 7536
96167 7552
90375 7568
93916 7584
92166 7600
92125 7616
94208 7632
94208 7648
93958 7664
94125 7680
94875 7696
94166 7712
94459 7728
95916 7744
97458 7760
98625 7776
94250 7792
97041 7808
94625 7824
94750 7840
95333 7856
96000 7872
95833 7888
96791 7904
97417 7920
97625 7936
96834 7952
99333 7968
100334 7984
101666 8000
97500 8016
100041 8032
146917 8048
100000 8064
99542 8080
101000 8096
98417 8112
100875 8128
101708 8144
100875 8160
99209 8176
101209 8192
100959 8208
100292 8224
100167 8240
99416 8256
101292 8272
104375 8288
102500 8304
100083 8320
99583 8336
100959 8352
103584 8368
104584 8384
103875 8400
101833 8416
110459 8432
105583 8448
101792 8464
106833 8480
105084 8496
104958 8512
106292 8528
107000 8544
107042 8560
106084 8576
103625 8592
107209 8608
106125 8624
111250 8640
105917 8656
114000 8672
109834 8688
106541 8704
106000 8720
107750 8736
109542 8752
111416 8768
108208 8784
108167 8800
108791 8816
106125 8832
108750 8848
107334 8864
106625 8880
107167 8896
106958 8912
109000 8928
108916 8944
108084 8960
107958 8976
108542 8992
