41 0
292 16
458 32
584 48
2583 64
1042 80
2792 96
1333 112
3208 128
1750 144
1916 160
2083 176
2416 192
2500 208
2666 224
2875 240
3041 256
3250 272
3500 288
3792 304
3875 320
4125 336
4250 352
4500 368
4667 384
4708 400
5042 416
5625 432
5375 448
5459 464
6167 480
6375 496
6375 512
6458 528
7000 544
7333 560
7500 576
7458 592
7709 608
7667 624
7542 640
8167 656
8167 672
8250 688
8667 704
8916 720
8875 736
9083 752
9458 768
9334 784
9375 800
9584 816
10041 832
10000 848
10166 864
10541 880
11666 896
10917 912
11083 928
11083 944
11333 960
11917 976
11666 992
11834 1008
12292 1024
12250 1040
13208 1056
12917 1072
13084 1088
13583 1104
13500 1120
13750 1136
13916 1152
14417 1168
14375 1184
15291 1200
14917 1216
14792 1232
15125 1248
15583 1264
15416 1280
15875 1296
16500 1312
16042 1328
16208 1344
16583 1360
16625 1376
17292 1392
17000 1408
17125 1424
17750 1440
17542 1456
17875 1472
18167 1488
22375 1504
18250 1520
18167 1536
18292 1552
18375 1568
20291 1584
20750 1600
21667 1616
19791 1632
20166 1648
21042 1664
20500 1680
20334 1696
21875 1712
21000 1728
22875 1744
21334 1760
23292 1776
21917 1792
25500 1808
22584 1824
25709 1840
22542 1856
22834 1872
25209 1888
23000 1904
24250 1920
23500 1936
23500 1952
25542 1968
24084 1984
24167 2000
27625 2016
25042 2032
25000 2048
26792 2064
25000 2080
27000 2096
39792 2112
25792 2128
25625 2144
27292 2160
26917 2176
26542 2192
26792 2208
28000 2224
26834 2240
28916 2256
232375 2272
27333 2288
27833 2304
28792 2320
29917 2336
28458 2352
27916 2368
28250 2384
28583 2400
28666 2416
31125 2432
29125 2448
30500 2464
30417 2480
29375 2496
29916 2512
30125 2528
30250 2544
30792 2560
33000 2576
30917 2592
34125 2608
32083 2624
32833 2640
31875 2656
34250 2672
31875 2688
31833 2704
33958 2720
33208 2736
32500 2752
32416 2768
32916 2784
33292 2800
36917 2816
34750 2832
34292 2848
36416 2864
35750 2880
36250 2896
36208 2912
36416 2928
35250 2944
35916 2960
36125 2976
38125 2992
38625 3008
36084 3024
37583 3040
36084 3056
38083 3072
37125 3088
37916 3104
37375 3120
39083 3136
40667 3152
38583 3168
38791 3184
38166 3200
40667 3216
39667 3232
38875 3248
38792 3264
40083 3280
38625 3296
38958 3312
40917 3328
39291 3344
40625 3360
40708 3376
41709 3392
42917 3408
44292 3424
41333 3440
41250 3456
44000 3472
41791 3488
42833 3504
41500 3520
43416 3536
43208 3552
45375 3568
44750 3584
45042 3600
46125 3616
43500 3632
43167 3648
45875 3664
45042 3680
46292 3696
46917 3712
47208 3728
47709 3744
47584 3760
47083 3776
48792 3792
48750 3808
50958 3824
48334 3840
45125 3856
48791 3872
46542 3888
46000 3904
46417 3920
48209 3936
46375 3952
46750 3968
46875 3984
49209 4000
48416 4016
48875 4032
48791 4048
50334 4064
49458 4080
49250 4096
60167 4112
60041 4128
64416 4144
71084 4160
60459 4176
65000 4192
61000 4208
67125 4224
61084 4240
61709 4256
61458 4272
63875 4288
64750 4304
62167 4320
63792 4336
64334 4352
61000 4368
61833 4384
67083 4400
63833 4416
63834 4432
63042 4448
63541 4464
64500 4480
66083 4496
64375 4512
63792 4528
65291 4544
67375 4560
67833 4576
67834 4592
66416 4608
63458 4624
68250 4640
67708 4656
69917 4672
67500 4688
67250 4704
66667 4720
69792 4736
70125 4752
69875 4768
67750 4784
66666 4800
72709 4816
69792 4832
72666 4848
70625 4864
69375 4880
72292 4896
72041 4912
72083 4928
74542 4944
75291 4960
71292 4976
70792 4992
71042 5008
74334 5024
70500 5040
72125 5056
71750 5072
71542 5088
70791 5104
76750 5120
71750 5136
70542 5152
74125 5168
70625 5184
72750 5200
73208 5216
76042 5232
74042 5248
74958 5264
72375 5280
76000 5296
84792 5312
73958 5328
75167 5344
72834 5360
78292 5376
78709 5392
77000 5408
74958 5424
85000 5440
79958 5456
77000 5472
75291 5488
78292 5504
77375 5520
76958 5536
79541 5552
75875 5568
78583 5584
78375 5600
115291 5616
77333 5632
83750 5648
83083 5664
76500 5680
79417 5696
78625 5712
80958 5728
79916 5744
79834 5760
80917 5776
82042 5792
79084 5808
81500 5824
80166 5840
79667 5856
85500 5872
81583 5888
91916 5904
81667 5920
82708 5936
84292 5952
85583 5968
81625 5984
85917 6000
83625 6016
82209 6032
83625 6048
83250 6064
84417 6080
96333 6096
130542 6112
105167 6128
87750 6144
88916 6160
87500 6176
84542 6192
84250 6208
90166 6224
89916 6240
86167 6256
85291 6272
84833 6288
86458 6304
88833 6320
85042 6336
88458 6352
87042 6368
85666 6384
87375 6400
86792 6416
89375 6432
87125 6448
87250 6464
87792 6480
92667 6496
88208 6512
99291 6528
86333 6544
90417 6560
89958 6576
95583 6592
96750 6608
88916 6624
92958 6640
91167 6656
93167 6672
98333 6688
96500 6704
91833 6720
93333 6736
91000 6752
94541 6768
112167 6784
91834 6800
92834 6816
90250 6832
95417 6848
926750 6864
96166 6880
95042 6896
92666 6912
94084 6928
91917 6944
95000 6960
92875 6976
96625 6992
95084 7008
96958 7024
98334 7040
99792 7056
94792 7072
97250 7088
96083 7104
97083 7120
97250 7136
97000 7152
97375 7168
96500 7184
98250 7200
99334 7216
99708 7232
99083 7248
98625 7264
101541 7280
101958 7296
104416 7312
97958 7328
99208 7344
99458 7360
101083 7376
104792 7392
102375 7408
100791 7424
100667 7440
99125 7456
100542 7472
103042 7488
102459 7504
102041 7520
108834 7536
563583 7552
103666 7568
106375 7584
103375 7600
101291 7616
103292 7632
102292 7648
108417 7664
105125 7680
106042 7696
103084 7712
109208 7728
104084 7744
108417 7760
106208 7776
105041 7792
104500 7808
104459 7824
105916 7840
105375 7856
111209 7872
105167 7888
107167 7904
106000 7920
106375 7936
109416 7952
107167 7968
138625 7984
116667 8000
108417 8016
113875 8032
111625 8048
109166 8064
111958 8080
113041 8096
109416 8112
109583 8128
107375 8144
110667 8160
109000 8176
108292 8192
116625 8208
118666 8224
114125 8240
119625 8256
117333 8272
117792 8288
119083 8304
115041 8320
118000 8336
113583 8352
117208 8368
116292 8384
118125 8400
116750 8416
132083 8432
118291 8448
118500 8464
119292 8480
118000 8496
119542 8512
122541 8528
123916 8544
120500 8560
122000 8576
120125 8592
123875 8608
127958 8624
126334 8640
119208 8656
126416 8672
123875 8688
122500 8704
124042 8720
120750 8736
124958 8752
121209 8768
126958 8784
121333 8800
122500 8816
130250 8832
123416 8848
124125 8864
121667 8880
121500 8896
125250 8912
124959 8928
126708 8944
126875 8960
122750 8976
123792 8992
