42 0
16208 16
25875 32
38208 48
46542 64
53458 80
65334 96
93666 112
97792 128
97500 144
102041 160
130458 176
142083 192
159416 208
161000 224
161166 240
170167 256
170584 272
182041 288
197625 304
202125 320
217959 336
255375 352
264292 368
282667 384
241167 400
260375 416
273000 432
336625 448
369500 464
327709 480
372083 496
368917 512
417167 528
425500 544
438000 560
419500 576
379875 592
455583 608
429417 624
483125 640
444417 656
421750 672
438000 688
557375 704
448584 720
564334 736
581875 752
600375 768
471125 784
495625 800
486000 816
509625 832
527083 848
591709 864
606666 880
537416 896
619583 912
566041 928
624042 944
606209 960
684792 976
702333 992
722125 1008
680166 1024
668042 1040
727458 1056
644833 1072
668542 1088
681334 1104
675584 1120
700333 1136
698250 1152
743291 1168
709125 1184
758959 1200
772292 1216
801333 1232
822000 1248
785791 1264
797666 1280
767417 1296
870000 1312
822167 1328
817708 1344
839791 1360
833708 1376
873167 1392
860959 1408
867416 1424
909417 1440
924000 1456
1011750 1472
967417 1488
1046833 1504
986917 1520
1137459 1536
1169417 1552
1050250 1568
1216792 1584
1030209 1600
1062750 1616
1106458 1632
1042667 1648
1076750 1664
1060875 1680
1127208 1696
1058667 1712
1184167 1728
1078375 1744
1101042 1760
1089333 1776
1137667 1792
1388375 1808
1166917 1824
1219459 1840
1185500 1856
1216459 1872
1257292 1888
1258458 1904
1276458 1920
1183958 1936
1220292 1952
1291375 1968
1266375 1984
1210417 2000
1406458 2016
1399917 2032
1349125 2048
1352916 2064
1555708 2080
1409250 2096
1536292 2112
1304333 2128
1398083 2144
1347708 2160
1321584 2176
1327834 2192
1333125 2208
1322458 2224
1377833 2240
1510666 2256
1507000 2272
1483875 2288
1374792 2304
1510584 2320
1445209 2336
1396250 2352
1417875 2368
1436958 2384
1676708 2400
1464208 2416
1493625 2432
1445958 2448
1473042 2464
1506083 2480
1527750 2496
1743584 2512
1503875 2528
1586209 2544
1612125 2560
1580292 2576
1596000 2592
5025792 2608
1908875 2624
1657666 2640
1704875 2656
1574541 2672
1669917 2688
1872458 2704
1773958 2720
1855291 2736
1716666 2752
1703292 2768
1737000 2784
1685792 2800
1809625 2816
1797125 2832
1826458 2848
1758125 2864
1854542 2880
1776792 2896
1825500 2912
1868417 2928
1956459 2944
1865834 2960
1822125 2976
1857375 2992
1964750 3008
1969750 3024
1981958 3040
1891625 3056
1916542 3072
2051750 3088
1926625 3104
1853375 3120
2338709 3136
2184750 3152
2011542 3168
2129625 3184
2121792 3200
1993750 3216
2054125 3232
2069875 3248
2064375 3264
2046542 3280
2075000 3296
2030375 3312
2036916 3328
2086083 3344
2084667 3360
2154708 3376
2283875 3392
2330458 3408
2172750 3424
2189542 3440
2130458 3456
2209500 3472
2264541 3488
2216125 3504
2361459 3520
2197125 3536
2230000 3552
2309042 3568
2379333 3584
2363791 3600
2268000 3616
2466625 3632
2438750 3648
2456834 3664
2748125 3680
2279042 3696
2397042 3712
2259750 3728
2510666 3744
2390542 3760
2352042 3776
2343542 3792
2565208 3808
2417875 3824
2422708 3840
2441542 3856
2361667 3872
2413917 3888
2366209 3904
2402000 3920
2545875 3936
2591750 3952
2438708 3968
2421333 3984
2491208 4000
2449125 4016
2501375 4032
2602667 4048
2521042 4064
2574542 4080
2465542 4096
2553792 4112
2491292 4128
2620417 4144
2741333 4160
2818667 4176
3035875 4192
3131708 4208
2892125 4224
2635333 4240
2570667 4256
2667084 4272
2574583 4288
2564667 4304
2719666 4320
2663625 4336
2645542 4352
2560542 4368
2555208 4384
2929458 4400
2724709 4416
2616167 4432
2659875 4448
2617875 4464
2715958 4480
2732458 4496
2614250 4512
3045833 4528
2641208 4544
2686291 4560
2658583 4576
6794750 4592
2701166 4608
2779416 4624
2702209 4640
2920750 4656
2719959 4672
2800250 4688
2790708 4704
3071875 4720
3345834 4736
2906584 4752
2800875 4768
2737916 4784
3266291 4800
2828000 4816
2817958 4832
2783209 4848
2860667 4864
2813333 4880
2973667 4896
2839458 4912
2766833 4928
2843417 4944
2864417 4960
3073208 4976
3076000 4992
2944625 5008
2985416 5024
2949750 5040
2947083 5056
2829209 5072
2897708 5088
2906041 5104
2949917 5120
2927875 5136
3195958 5152
2901041 5168
3187709 5184
2878833 5200
3002042 5216
3162666 5232
2938334 5248
3138958 5264
3551000 5280
2991291 5296
6479250 5312
3097584 5328
3065583 5344
3059750 5360
3034958 5376
3161167 5392
3026917 5408
2962166 5424
2998000 5440
3117875 5456
3068000 5472
3519084 5488
3055667 5504
3084583 5520
3107750 5536
3091542 5552
3155791 5568
3271959 5584
3143375 5600
3332125 5616
3568958 5632
3183583 5648
3165042 5664
3078625 5680
3008458 5696
3145834 5712
3149125 5728
3142625 5744
3167584 5760
3262208 5776
3462167 5792
4071250 5808
3375708 5824
3227417 5840
3250917 5856
3221083 5872
3271209 5888
3185958 5904
3358458 5920
3404334 5936
3112708 5952
3274208 5968
3221667 5984
3313542 6000
3233000 6016
3338375 6032
3322000 6048
3439291 6064
3329041 6080
3473417 6096
6094667 6112
3373708 6128
3966333 6144
3346500 6160
3725625 6176
3788541 6192
3355500 6208
3325459 6224
7753708 6240
3401375 6256
3547208 6272
3413083 6288
3242917 6304
3780500 6320
4049542 6336
3369458 6352
3388500 6368
3469542 6384
3362583 6400
3462333 6416
3389584 6432
3465750 6448
3494500 6464
3312250 6480
3463500 6496
3366084 6512
3769041 6528
3488500 6544
3511584 6560
3489708 6576
3592166 6592
3456541 6608
3520333 6624
3499625 6640
3585459 6656
3580958 6672
3608083 6688
3467500 6704
3554375 6720
3580542 6736
3508584 6752
3662334 6768
3606084 6784
3733166 6800
3518833 6816
3555458 6832
3936708 6848
4582292 6864
3862334 6880
3677791 6896
3587000 6912
3559375 6928
3836084 6944
3603583 6960
3693917 6976
3657250 6992
3550709 7008
3695084 7024
3689416 7040
3789417 7056
3695625 7072
3989500 7088
3920500 7104
3730209 7120
3628459 7136
3822833 7152
3739875 7168
3663750 7184
3753833 7200
3723208 7216
3888042 7232
3703042 7248
3884958 7264
3917375 7280
7642875 7296
3751708 7312
3931500 7328
3817209 7344
3691083 7360
4076750 7376
4727125 7392
3903875 7408
3839167 7424
3840292 7440
3925333 7456
3901250 7472
3827250 7488
3921667 7504
3886541 7520
7410459 7536
4114625 7552
4336750 7568
3953792 7584
3870500 7600
3971042 7616
3954083 7632
4057708 7648
3923709 7664
4111291 7680
3955542 7696
3906041 7712
3969000 7728
3932209 7744
4145166 7760
4070708 7776
4313584 7792
3983375 7808
4020292 7824
3909583 7840
4105750 7856
4317167 7872
3975542 7888
4207333 7904
4312625 7920
4109042 7936
4053417 7952
4132708 7968
4219250 7984
4600041 8000
4277375 8016
3957250 8032
4121084 8048
4055125 8064
4147375 8080
4038875 8096
4128500 8112
4071375 8128
4153625 8144
4141292 8160
4191167 8176
4105709 8192
3992167 8208
4228833 8224
3988708 8240
4177375 8256
4475250 8272
4277417 8288
4246875 8304
4126416 8320
4486750 8336
4189084 8352
4167292 8368
4167542 8384
4213292 8400
5531833 8416
9260583 8432
4508041 8448
4255291 8464
4324500 8480
4355875 8496
4321083 8512
4317709 8528
4266333 8544
4144708 8560
4289666 8576
4291625 8592
4494542 8608
4225541 8624
7319833 8640
4384875 8656
4455875 8672
4348417 8688
4465125 8704
4700917 8720
4304292 8736
4361875 8752
4279542 8768
4384417 8784
4243834 8800
4440042 8816
4646875 8832
5350750 8848
4313125 8864
4464667 8880
4770834 8896
4373458 8912
4929667 8928
4531625 8944
4653083 8960
4450916 8976
4660208 8992
