42 0
2167 16
417 32
625 48
791 64
1000 80
1125 96
1333 112
1750 128
1708 144
1875 160
2208 176
2375 192
2458 208
2792 224
2875 240
3042 256
3209 272
3458 288
3750 304
4000 320
4042 336
4250 352
4417 368
4709 384
4875 400
5000 416
5458 432
5375 448
5500 464
6125 480
6416 496
6292 512
17416 528
18833 544
18375 560
18917 576
18375 592
22875 608
20750 624
17917 640
23125 656
18500 672
18334 688
18667 704
20584 720
27500 736
32875 752
20167 768
19333 784
24458 800
20417 816
20167 832
20292 848
20542 864
20708 880
21833 896
25583 912
21334 928
21583 944
21500 960
21334 976
22250 992
23459 1008
25750 1024
26458 1040
26500 1056
25209 1072
25500 1088
26292 1104
25833 1120
32250 1136
26500 1152
33208 1168
27833 1184
27375 1200
27417 1216
28791 1232
33833 1248
28416 1264
27667 1280
31917 1296
28625 1312
28709 1328
30000 1344
38458 1360
29542 1376
31666 1392
30125 1408
30083 1424
31000 1440
32917 1456
35083 1472
33000 1488
34666 1504
34041 1520
33583 1536
34791 1552
33666 1568
44458 1584
37292 1600
37834 1616
36458 1632
37250 1648
37291 1664
36583 1680
47792 1696
35292 1712
43333 1728
42375 1744
36583 1760
36958 1776
36625 1792
40666 1808
38625 1824
40750 1840
39125 1856
39167 1872
40917 1888
40125 1904
38375 1920
38834 1936
42125 1952
38958 1968
40166 1984
40375 2000
45500 2016
58333 2032
72000 2048
61458 2064
47083 2080
43625 2096
180458 2112
44875 2128
47292 2144
46542 2160
46083 2176
49000 2192
46750 2208
45750 2224
49458 2240
47292 2256
46750 2272
50625 2288
45542 2304
45917 2320
49209 2336
45625 2352
45750 2368
53334 2384
63792 2400
45792 2416
47709 2432
47208 2448
47125 2464
48041 2480
48500 2496
49834 2512
47291 2528
50500 2544
48917 2560
54250 2576
59334 2592
58750 2608
56792 2624
54500 2640
53917 2656
51834 2672
51917 2688
59292 2704
52541 2720
57292 2736
52083 2752
52708 2768
54042 2784
55167 2800
56583 2816
55875 2832
57666 2848
55417 2864
55125 2880
55291 2896
57041 2912
55375 2928
62208 2944
58875 2960
59042 2976
58958 2992
72875 3008
58375 3024
56250 3040
56708 3056
72708 3072
62208 3088
59417 3104
60208 3120
72084 3136
61292 3152
60958 3168
66292 3184
82542 3200
78125 3216
65584 3232
63250 3248
71625 3264
63708 3280
66500 3296
65083 3312
64042 3328
67708 3344
64750 3360
66666 3376
65375 3392
72417 3408
66125 3424
68459 3440
64875 3456
65583 3472
65584 3488
65583 3504
67458 3520
66833 3536
68625 3552
77416 3568
76833 3584
70125 3600
70750 3616
82250 3632
729583 3648
73042 3664
87209 3680
69291 3696
70458 3712
86250 3728
81459 3744
73625 3760
70250 3776
78417 3792
75292 3808
74041 3824
77208 3840
72041 3856
72584 3872
72500 3888
72333 3904
75208 3920
73666 3936
73334 3952
74667 3968
72334 3984
76167 4000
73958 4016
80833 4032
74541 4048
77208 4064
77917 4080
77000 4096
78333 4112
85166 4128
80000 4144
95291 4160
85834 4176
83875 4192
85917 4208
81750 4224
79792 4240
80250 4256
79667 4272
80584 4288
80750 4304
81542 4320
81584 4336
80709 4352
79792 4368
92917 4384
85500 4400
82917 4416
84000 4432
88583 4448
82792 4464
84917 4480
82667 4496
83000 4512
85041 4528
82833 4544
84333 4560
83291 4576
94625 4592
83667 4608
88000 4624
87459 4640
88083 4656
90833 4672
87833 4688
92541 4704
87209 4720
99583 4736
96709 4752
99875 4768
91833 4784
91916 4800
91417 4816
92208 4832
91667 4848
91084 4864
94916 4880
91041 4896
94833 4912
94958 4928
95708 4944
111584 4960
96000 4976
94042 4992
92000 5008
93541 5024
97250 5040
96208 5056
91500 5072
95083 5088
98459 5104
97917 5120
98792 5136
95042 5152
95541 5168
96042 5184
97542 5200
103292 5216
149958 5232
97875 5248
103292 5264
101250 5280
99250 5296
107333 5312
97791 5328
99250 5344
101875 5360
103167 5376
104416 5392
103750 5408
106167 5424
104458 5440
99541 5456
105042 5472
98792 5488
101542 5504
105708 5520
102500 5536
104959 5552
100625 5568
102708 5584
112541 5600
107792 5616
100416 5632
107333 5648
101333 5664
101958 5680
108208 5696
102917 5712
104875 5728
105834 5744
109167 5760
106750 5776
111084 5792
111833 5808
109291 5824
124208 5840
110209 5856
117042 5872
107542 5888
108375 5904
107667 5920
111291 5936
106958 5952
109125 5968
112292 5984
115500 6000
109750 6016
107875 6032
108834 6048
112459 6064
110583 6080
114167 6096
122542 6112
117542 6128
119417 6144
113084 6160
123583 6176
112584 6192
111208 6208
113791 6224
124500 6240
111667 6256
113375 6272
113750 6288
116042 6304
118666 6320
125208 6336
121000 6352
115417 6368
123583 6384
116542 6400
113375 6416
114667 6432
116041 6448
117000 6464
114167 6480
131042 6496
115458 6512
126666 6528
113458 6544
115917 6560
119208 6576
126209 6592
117625 6608
118333 6624
126250 6640
122208 6656
123625 6672
124125 6688
128708 6704
123917 6720
124792 6736
123709 6752
126125 6768
168250 6784
121584 6800
122292 6816
120208 6832
129875 6848
133458 6864
132583 6880
133083 6896
120666 6912
122208 6928
118917 6944
121292 6960
124000 6976
126959 6992
137625 7008
128792 7024
126125 7040
130542 7056
126333 7072
131125 7088
125000 7104
124958 7120
129542 7136
128208 7152
130167 7168
125959 7184
129250 7200
127250 7216
131833 7232
130000 7248
137000 7264
129291 7280
135334 7296
129334 7312
129208 7328
132833 7344
133042 7360
131041 7376
141792 7392
136292 7408
132042 7424
130625 7440
129500 7456
131375 7472
133375 7488
134542 7504
138667 7520
141250 7536
138208 7552
132750 7568
137708 7584
132291 7600
134625 7616
136833 7632
135791 7648
133291 7664
133833 7680
142458 7696
134250 7712
136875 7728
138625 7744
140125 7760
144167 7776
142417 7792
138708 7808
135542 7824
136916 7840
135417 7856
152125 7872
139000 7888
150125 7904
147708 7920
137875 7936
140750 7952
137750 7968
192500 7984
157541 8000
142667 8016
149209 8032
142375 8048
144125 8064
144959 8080
151667 8096
140000 8112
140084 8128
140875 8144
140875 8160
143417 8176
145708 8192
147292 8208
146792 8224
145125 8240
149958 8256
146000 8272
151875 8288
146500 8304
143125 8320
142583 8336
141666 8352
147042 8368
151000 8384
146500 8400
154083 8416
162667 8432
154792 8448
143750 8464
150500 8480
145500 8496
149542 8512
146667 8528
150458 8544
147333 8560
148208 8576
159917 8592
156541 8608
155750 8624
158792 8640
150708 8656
158625 8672
151458 8688
148917 8704
176542 8720
154458 8736
162875 8752
155791 8768
157000 8784
163541 8800
158000 8816
159750 8832
157292 8848
156834 8864
155500 8880
158667 8896
167875 8912
162625 8928
171500 8944
160875 8960
160459 8976
156625 8992
