41 0
250 16
459 32
667 48
833 64
17583 80
12875 96
12542 112
13250 128
19417 144
17167 160
18375 176
14625 192
18667 208
23875 224
19042 240
18667 256
20375 272
22208 288
23917 304
24208 320
26459 336
42167 352
38875 368
47125 384
27084 400
27791 416
31334 432
27458 448
33166 464
38584 480
40583 496
36000 512
40625 528
38042 544
40875 560
35375 576
40125 592
42125 608
44750 624
38708 640
39416 656
49708 672
39416 688
50750 704
44541 720
77541 736
46500 752
55916 768
47041 784
46208 800
46875 816
47584 832
48583 848
49375 864
55083 880
53042 896
56208 912
70875 928
56458 944
56167 960
63291 976
64458 992
65875 1008
56875 1024
61541 1040
62916 1056
59042 1072
62292 1088
63709 1104
66875 1120
63917 1136
64958 1152
67458 1168
70750 1184
68167 1200
65792 1216
69375 1232
70583 1248
69417 1264
70250 1280
87417 1296
72916 1312
72833 1328
78875 1344
75291 1360
76000 1376
84000 1392
75709 1408
80666 1424
79834 1440
85209 1456
81500 1472
91958 1488
107250 1504
81500 1520
94917 1536
93459 1552
86208 1568
95541 1584
92500 1600
100000 1616
97583 1632
100083 1648
92542 1664
92958 1680
92625 1696
90583 1712
101333 1728
105208 1744
97333 1760
92917 1776
99417 1792
112583 1808
100666 1824
99792 1840
100084 1856
105125 1872
107125 1888
103250 1904
101041 1920
105542 1936
104708 1952
104125 1968
105958 1984
114500 2000
124959 2016
148542 2032
146917 2048
132500 2064
131959 2080
118208 2096
370833 2112
122959 2128
122542 2144
121500 2160
116459 2176
114334 2192
118000 2208
116792 2224
121916 2240
129042 2256
133209 2272
125750 2288
118250 2304
132500 2320
126708 2336
128208 2352
116250 2368
224458 2384
155834 2400
126125 2416
127292 2432
144958 2448
128084 2464
132000 2480
134792 2496
131458 2512
128250 2528
144334 2544
132875 2560
142000 2576
132583 2592
173708 2608
166333 2624
148209 2640
140959 2656
136750 2672
136792 2688
137042 2704
178000 2720
144458 2736
140500 2752
146417 2768
140917 2784
146583 2800
145208 2816
152375 2832
154292 2848
149500 2864
154917 2880
153208 2896
153416 2912
172750 2928
151958 2944
162875 2960
155834 2976
160833 2992
177625 3008
159000 3024
152542 3040
157458 3056
171500 3072
172042 3088
164292 3104
159584 3120
230000 3136
182375 3152
166959 3168
167958 3184
180250 3200
244084 3216
171250 3232
171292 3248
167875 3264
175500 3280
170333 3296
176333 3312
172000 3328
179458 3344
177625 3360
184458 3376
194083 3392
202000 3408
185750 3424
190750 3440
180042 3456
189417 3472
184416 3488
185625 3504
185250 3520
186875 3536
188042 3552
246417 3568
187833 3584
204375 3600
192458 3616
207000 3632
225167 3648
242833 3664
228000 3680
190750 3696
186792 3712
275541 3728
212875 3744
214041 3760
195083 3776
210541 3792
203958 3808
196833 3824
224292 3840
199917 3856
204042 3872
209250 3888
205625 3904
203875 3920
224042 3936
220458 3952
207125 3968
202750 3984
219667 4000
207375 4016
214875 4032
206875 4048
223375 4064
209416 4080
207417 4096
217250 4112
233333 4128
210834 4144
225542 4160
239291 4176
231959 4192
276833 4208
239208 4224
219917 4240
220750 4256
220125 4272
225458 4288
224125 4304
225208 4320
242375 4336
246958 4352
220375 4368
225958 4384
241125 4400
234542 4416
231084 4432
234917 4448
229041 4464
224584 4480
234834 4496
224125 4512
255709 4528
226041 4544
232375 4560
232167 4576
247459 4592
235666 4608
232417 4624
264250 4640
228000 4656
243625 4672
233542 4688
251542 4704
229625 4720
302041 4736
254333 4752
245959 4768
240667 4784
257750 4800
239125 4816
236958 4832
240625 4848
239208 4864
247334 4880
251083 4896
249625 4912
254709 4928
249125 4944
336166 4960
255625 4976
248208 4992
241167 5008
251042 5024
256666 5040
263375 5056
242666 5072
253208 5088
269708 5104
258750 5120
250042 5136
255125 5152
254416 5168
245084 5184
249792 5200
257375 5216
284708 5232
251541 5248
306584 5264
268916 5280
258958 5296
272291 5312
270125 5328
267334 5344
275834 5360
280583 5376
267458 5392
269458 5408
270250 5424
299375 5440
310458 5456
270417 5472
260334 5488
284833 5504
272125 5520
263875 5536
277000 5552
264333 5568
277833 5584
268958 5600
298834 5616
268042 5632
280041 5648
265000 5664
270542 5680
286416 5696
267333 5712
284125 5728
287333 5744
275708 5760
271750 5776
291875 5792
308666 5808
272667 5824
276291 5840
291375 5856
282917 5872
274125 5888
320125 5904
271084 5920
294625 5936
281666 5952
567167 5968
279125 5984
291583 6000
278542 6016
294583 6032
291250 6048
292375 6064
282833 6080
290042 6096
379083 6112
303958 6128
334333 6144
287875 6160
311125 6176
299125 6192
293125 6208
294333 6224
302000 6240
286500 6256
285666 6272
291042 6288
292209 6304
324000 6320
341708 6336
296958 6352
299750 6368
312000 6384
301375 6400
287791 6416
293291 6432
303667 6448
298166 6464
294625 6480
329334 6496
323333 6512
318542 6528
295167 6544
312000 6560
325750 6576
322792 6592
304583 6608
306792 6624
333375 6640
303250 6656
311958 6672
320333 6688
320209 6704
308792 6720
329250 6736
302917 6752
347584 6768
435667 6784
323625 6800
311208 6816
307666 6832
352667 6848
388958 6864
321417 6880
350250 6896
316708 6912
312875 6928
338334 6944
313958 6960
322334 6976
338083 6992
320167 7008
329041 7024
325333 7040
325917 7056
332959 7072
332584 7088
330292 7104
327541 7120
324625 7136
331417 7152
340209 7168
321791 7184
333583 7200
329667 7216
344458 7232
336917 7248
360250 7264
325542 7280
325750 7296
332917 7312
324833 7328
349958 7344
339167 7360
344167 7376
368500 7392
339708 7408
354375 7424
341792 7440
330208 7456
344917 7472
340291 7488
337583 7504
364667 7520
375542 7536
371167 7552
356834 7568
346458 7584
345167 7600
351208 7616
342958 7632
351500 7648
344125 7664
345042 7680
349417 7696
342000 7712
354875 7728
364083 7744
350167 7760
359875 7776
369292 7792
349375 7808
339000 7824
344000 7840
341791 7856
348083 7872
350584 7888
359833 7904
373125 7920
365500 7936
362125 7952
350334 7968
401041 7984
383041 8000
360583 8016
373834 8032
367125 8048
359958 8064
377709 8080
391292 8096
371583 8112
366375 8128
349459 8144
359875 8160
375500 8176
374292 8192
381709 8208
383000 8224
361875 8240
367334 8256
372208 8272
383500 8288
372542 8304
354125 8320
364333 8336
361625 8352
371250 8368
370959 8384
376417 8400
388833 8416
397167 8432
398917 8448
405833 8464
380833 8480
367834 8496
410125 8512
374792 8528
378417 8544
384084 8560
384708 8576
417292 8592
384667 8608
396833 8624
415500 8640
390042 8656
395250 8672
403666 8688
382375 8704
419584 8720
383208 8736
392042 8752
387375 8768
388708 8784
403541 8800
401417 8816
386375 8832
389584 8848
390250 8864
393833 8880
397583 8896
413459 8912
449209 8928
466375 8944
392542 8960
401666 8976
404750 8992
