41 0
19042 16
16917 32
20750 48
26500 64
31333 80
37833 96
42375 112
45500 128
52958 144
67375 160
64583 176
67667 192
86084 208
77958 224
88417 240
96416 256
88791 272
94583 288
102375 304
106625 320
114083 336
876792 352
143375 368
158792 384
127333 400
133875 416
156292 432
146417 448
174166 464
190916 480
194708 496
203125 512
217292 528
224666 544
218417 560
209167 576
192375 592
236083 608
217541 624
252459 640
235333 656
259875 672
212792 688
304916 704
231417 720
283333 736
287167 752
343000 768
245875 784
252458 800
260417 816
260250 832
261667 848
296458 864
294833 880
303875 896
296500 912
325458 928
335083 944
312917 960
368917 976
387250 992
380541 1008
343500 1024
347417 1040
342958 1056
337166 1072
347250 1088
380458 1104
351750 1120
367583 1136
365416 1152
390208 1168
385125 1184
394916 1200
383500 1216
412667 1232
415708 1248
403333 1264
408375 1280
452625 1296
431958 1312
418250 1328
461875 1344
442875 1360
443334 1376
489750 1392
435834 1408
467708 1424
488084 1440
483042 1456
487375 1472
512000 1488
530666 1504
483333 1520
572250 1536
585958 1552
505167 1568
609542 1584
544041 1600
551666 1616
527667 1632
530791 1648
575708 1664
551458 1680
592125 1696
546042 1712
561417 1728
603792 1744
569417 1760
548542 1776
577500 1792
716750 1808
598334 1824
612625 1840
608667 1856
620333 1872
615500 1888
610625 1904
630542 1920
607917 1936
625000 1952
648625 1968
628875 1984
623750 2000
720458 2016
700500 2032
705584 2048
720000 2064
818625 2080
685000 2096
748958 2112
704791 2128
734959 2144
695334 2160
680250 2176
672542 2192
688084 2208
685667 2224
694584 2240
825708 2256
780625 2272
763875 2288
716584 2304
745833 2320
733417 2336
725042 2352
738166 2368
763833 2384
880958 2400
764625 2416
752375 2432
790583 2448
756750 2464
798458 2480
795792 2496
878375 2512
783709 2528
865459 2544
780834 2560
844541 2576
809458 2592
1326583 2608
1039167 2624
848208 2640
862625 2656
815375 2672
856541 2688
899458 2704
911375 2720
903125 2736
847708 2752
880959 2768
843708 2784
864125 2800
910083 2816
917375 2832
928000 2848
905792 2864
938084 2880
898959 2896
923708 2912
1013458 2928
1028000 2944
950875 2960
952167 2976
972000 2992
1024209 3008
937791 3024
975167 3040
950167 3056
1073333 3072
1050166 3088
992167 3104
962125 3120
1284417 3136
1097875 3152
1001625 3168
1099500 3184
1148125 3200
4190291 3216
1029666 3232
1035959 3248
1153417 3264
1080167 3280
1032000 3296
1044459 3312
1052125 3328
1065542 3344
1077375 3360
1086541 3376
1192375 3392
1199834 3408
1102875 3424
1203042 3440
1129584 3456
1097875 3472
1121958 3488
1130958 3504
1146458 3520
1093250 3536
1138250 3552
1238125 3568
1181583 3584
1178917 3600
1193084 3616
1250125 3632
1314750 3648
1258625 3664
1252667 3680
1152875 3696
1186792 3712
5300708 3728
1302667 3744
1221375 3760
1170416 3776
1211333 3792
1230875 3808
1262917 3824
1384541 3840
1247958 3856
1220834 3872
1260250 3888
1218833 3904
1243708 3920
1350834 3936
1406708 3952
1263166 3968
1223708 3984
1259250 4000
1279334 4016
1300875 4032
1312542 4048
1369334 4064
1273583 4080
1251583 4096
1307750 4112
1401917 4128
1332708 4144
1390916 4160
1456292 4176
1454375 4192
1739875 4208
1393708 4224
1352167 4240
1312209 4256
1297250 4272
1377500 4288
1318750 4304
1383125 4320
1392416 4336
1416792 4352
1291750 4368
1353708 4384
4689000 4400
1390667 4416
1452333 4432
1389333 4448
1344000 4464
1324875 4480
1404208 4496
1327167 4512
1459709 4528
1349875 4544
1406250 4560
1396334 4576
1518875 4592
1382583 4608
1385750 4624
1444958 4640
1461458 4656
1403917 4672
1388584 4688
1410792 4704
1419167 4720
1854834 4736
1626292 4752
1470000 4768
1432333 4784
1423041 4800
1434416 4816
1471291 4832
1438416 4848
1414167 4864
1443084 4880
1620416 4896
1566333 4912
1469750 4928
1468583 4944
5482166 4960
1544417 4976
1574083 4992
1494875 5008
1509333 5024
1465375 5040
1474584 5056
1528709 5072
1494625 5088
1471291 5104
1525167 5120
1492041 5136
1530250 5152
1509958 5168
1591209 5184
1479958 5200
1501792 5216
3101667 5232
1474792 5248
1531750 5264
1626666 5280
1578000 5296
1662667 5312
1633125 5328
1578000 5344
1587417 5360
1578833 5376
1555917 5392
1604417 5408
1544042 5424
1752875 5440
1653416 5456
1626875 5472
1568875 5488
1572041 5504
1599917 5520
1652458 5536
1593167 5552
1562458 5568
1669625 5584
1599000 5600
1782375 5616
1570542 5632
1614542 5648
1554458 5664
1570834 5680
1547500 5696
1598750 5712
1576167 5728
1618500 5744
1632125 5760
1609625 5776
1799375 5792
1959750 5808
1622208 5824
1657875 5840
1654000 5856
1667750 5872
1659417 5888
1710541 5904
1630375 5920
1749541 5936
1619500 5952
1683041 5968
1635583 5984
1668250 6000
1629666 6016
1691125 6032
1680292 6048
1815959 6064
1663875 6080
1691500 6096
2288125 6112
1753375 6128
2590875 6144
1693291 6160
1950667 6176
1772834 6192
1713541 6208
1713167 6224
1852083 6240
1738542 6256
1704917 6272
1691416 6288
1696584 6304
1924584 6320
2033625 6336
1753084 6352
1745500 6368
1793000 6384
1763375 6400
1784333 6416
1766375 6432
1712500 6448
1755250 6464
1711083 6480
1811000 6496
1723875 6512
1927625 6528
1732667 6544
1806458 6560
1803542 6576
1881500 6592
1765625 6608
1773250 6624
1848750 6640
1800333 6656
1853750 6672
1928125 6688
1895250 6704
1797458 6720
1858375 6736
1771500 6752
2085291 6768
5094667 6784
1815125 6800
1832833 6816
1821541 6832
2007875 6848
2428750 6864
1902959 6880
2013042 6896
1869084 6912
1835208 6928
2360708 6944
1906750 6960
1863125 6976
1962125 6992
1861334 7008
1901041 7024
1915709 7040
1924458 7056
1875250 7072
1902459 7088
1948167 7104
1969833 7120
1912792 7136
1855916 7152
1939000 7168
1899250 7184
1939792 7200
1897875 7216
2114041 7232
1912625 7248
2015917 7264
1933583 7280
2089250 7296
1935167 7312
1917125 7328
1949500 7344
1953750 7360
2094333 7376
2367250 7392
1989125 7408
1963166 7424
2004583 7440
1987042 7456
2003583 7472
1983458 7488
1937458 7504
2035416 7520
4044916 7536
2063833 7552
1981625 7568
2027333 7584
2019625 7600
2049000 7616
2052584 7632
2142958 7648
2008375 7664
1986375 7680
2029792 7696
2002292 7712
2013459 7728
2044000 7744
2194625 7760
2078500 7776
2153292 7792
2051917 7808
2069167 7824
2128125 7840
1995375 7856
2067750 7872
2031750 7888
2150416 7904
2238625 7920
2091083 7936
2114125 7952
2125750 7968
2421208 7984
2164375 8000
2094917 8016
2086833 8032
2137875 8048
2102666 8064
2137792 8080
2117208 8096
2134750 8112
2098791 8128
2113500 8144
2114875 8160
2068000 8176
2114125 8192
2117916 8208
2176375 8224
2129875 8240
2141666 8256
2115542 8272
2156166 8288
2172917 8304
2150375 8320
2261417 8336
2068750 8352
2171375 8368
2156125 8384
2193375 8400
2666959 8416
2352209 8432
2357667 8448
2266250 8464
2265584 8480
2201750 8496
2216000 8512
2131917 8528
2221208 8544
2230584 8560
2211500 8576
2345000 8592
2393458 8608
2256250 8624
2970250 8640
2246541 8656
2314750 8672
2215875 8688
2160083 8704
2460416 8720
2247042 8736
2240500 8752
2236167 8768
2250708 8784
2277292 8800
2944167 8816
2342958 8832
2357208 8848
2222750 8864
2222792 8880
2473292 8896
2454583 8912
2533500 8928
2452375 8944
2318917 8960
2292458 8976
2302500 8992
