209 0
199333 16
364083 32
451333 48
478708 64
602167 80
706125 96
815583 112
946792 128
1046750 144
1180833 160
1284458 176
1425916 192
1289750 208
1382458 224
1447334 240
1566459 256
1568125 272
1663833 288
1786667 304
1786250 320
1752584 336
1860667 352
2033417 368
2084458 384
1896042 400
1915792 416
1961958 432
2018250 448
2058541 464
1991333 480
1931500 496
2000958 512
2236750 528
2048333 544
1989542 560
2021666 576
2054375 592
2176417 608
2006875 624
2181834 640
2251625 656
2196333 672
2114334 688
2102541 704
2008917 720
1959458 736
1981292 752
2092791 768
2222375 784
2123333 800
2039833 816
2124458 832
2194042 848
2195500 864
2201208 880
2162250 896
2180541 912
2252125 928
2298916 944
2252042 960
2250375 976
2295208 992
2284500 1008
2340542 1024
2403708 1040
2461375 1056
2456125 1072
2488667 1088
2594125 1104
2820625 1120
2716791 1136
2761208 1152
2639250 1168
2724875 1184
2741084 1200
2848292 1216
2832916 1232
2927125 1248
3026500 1264
3240750 1280
3165583 1296
3174417 1312
3236417 1328
3496708 1344
3571542 1360
3418459 1376
3326625 1392
3344750 1408
3362750 1424
3629208 1440
4287875 1456
3413666 1472
3562208 1488
4359750 1504
3988375 1520
3934334 1536
3951000 1552
4002708 1568
3802625 1584
3934125 1600
3734208 1616
3835834 1632
3829542 1648
3935625 1664
4037125 1680
4018041 1696
4078125 1712
4277542 1728
4218916 1744
4258959 1760
4689042 1776
5030500 1792
4365792 1808
4563209 1824
4305834 1840
4264375 1856
4402958 1872
4433042 1888
4712916 1904
4651958 1920
4554958 1936
5150125 1952
4993750 1968
4712250 1984
4833458 2000
4864875 2016
4856750 2032
5058583 2048
4756625 2064
4778834 2080
4911792 2096
4995708 2112
4994584 2128
5062416 2144
5053166 2160
5210625 2176
5175208 2192
5293833 2208
5279667 2224
5398209 2240
5328250 2256
5774125 2272
5611541 2288
5494583 2304
5450792 2320
5659875 2336
5429500 2352
5629958 2368
5585416 2384
5766416 2400
5731042 2416
5770541 2432
5908917 2448
5840708 2464
5859083 2480
5951417 2496
6039500 2512
7142375 2528
5894833 2544
5909250 2560
5971791 2576
6000458 2592
6184250 2608
6317917 2624
6262166 2640
6739792 2656
6500875 2672
6476791 2688
6607041 2704
6786625 2720
6374708 2736
6616708 2752
6610834 2768
6555625 2784
6753750 2800
6798000 2816
7006542 2832
7245041 2848
6892542 2864
6923875 2880
6892750 2896
6869167 2912
7001959 2928
7178792 2944
6877125 2960
7389584 2976
7178375 2992
7177167 3008
6952208 3024
7252083 3040
7617167 3056
7338833 3072
7929167 3088
7774833 3104
7431459 3120
7665625 3136
7406084 3152
7718500 3168
7262042 3184
7720542 3200
7820209 3216
7704209 3232
7599959 3248
7674625 3264
8302166 3280
8349792 3296
7787125 3312
7980792 3328
7927834 3344
8885167 3360
9398125 3376
8165958 3392
7961166 3408
7929541 3424
7986250 3440
8053125 3456
8108458 3472
8303083 3488
8172541 3504
8344791 3520
8385708 3536
9102792 3552
9220250 3568
9304708 3584
8545666 3600
8688708 3616
8449625 3632
8471083 3648
8473625 3664
8799750 3680
8651250 3696
8906167 3712
8972709 3728
9171791 3744
9031000 3760
9041042 3776
9193958 3792
9153333 3808
9699250 3824
9417875 3840
9133292 3856
9125750 3872
9195791 3888
9255417 3904
9775167 3920
9918709 3936
9382625 3952
9602042 3968
9555125 3984
10442625 4000
9690958 4016
9515375 4032
9697209 4048
9755000 4064
9380958 4080
9628792 4096
9891708 4112
11443583 4128
10570125 4144
10677917 4160
11214250 4176
12112916 4192
10176791 4208
10257375 4224
10283375 4240
10209583 4256
9634125 4272
10285959 4288
10143709 4304
9977166 4320
10042750 4336
10004417 4352
10166208 4368
10364708 4384
10197333 4400
10348709 4416
10520750 4432
9781667 4448
9791291 4464
10033209 4480
9926125 4496
10596625 4512
10497875 4528
10344083 4544
11641334 4560
10365083 4576
10436542 4592
10643667 4608
10331833 4624
10022500 4640
9989333 4656
10143500 4672
10246958 4688
11421708 4704
10446834 4720
10930292 4736
10421167 4752
10726000 4768
10704000 4784
10640500 4800
10663334 4816
10294792 4832
10471750 4848
10498791 4864
10545166 4880
11971541 4896
10702958 4912
10905583 4928
10797041 4944
10968959 4960
11009041 4976
11310125 4992
11040333 5008
10456375 5024
10874917 5040
10716875 5056
10879583 5072
10851042 5088
10896750 5104
11262916 5120
14075875 5136
12104333 5152
11260042 5168
11382125 5184
11230125 5200
11159041 5216
11215833 5232
11021417 5248
11239333 5264
11429000 5280
11718625 5296
11766000 5312
11429208 5328
11567291 5344
11480750 5360
11417917 5376
11440750 5392
11045167 5408
11698709 5424
12066209 5440
11546583 5456
11828875 5472
11649334 5488
11657458 5504
11797833 5520
11784792 5536
11964750 5552
11993625 5568
12219292 5584
11628208 5600
11812458 5616
11794459 5632
11961667 5648
11860000 5664
11914500 5680
11932875 5696
12091792 5712
14079500 5728
12185792 5744
12309333 5760
12172167 5776
11741209 5792
11915375 5808
11977375 5824
12088417 5840
12426667 5856
12174708 5872
12449750 5888
12413583 5904
12436166 5920
12635584 5936
12671625 5952
12729625 5968
12134750 5984
13524542 6000
12248541 6016
12418292 6032
12640416 6048
12663417 6064
13233208 6080
12742166 6096
12903833 6112
12961083 6128
13099916 6144
13003583 6160
12714667 6176
12460459 6192
12541084 6208
12627792 6224
12672083 6240
14099042 6256
12790958 6272
12874083 6288
12965875 6304
13495334 6320
13194291 6336
13237417 6352
12541667 6368
12860375 6384
12727333 6400
13066292 6416
13068125 6432
13347250 6448
13156583 6464
13261791 6480
13319583 6496
14857292 6512
13527750 6528
13574708 6544
12900292 6560
13281250 6576
13404459 6592
13449541 6608
13523791 6624
13569584 6640
13425375 6656
13668750 6672
14281750 6688
13790375 6704
13617917 6720
13660958 6736
14337083 6752
13499959 6768
13409500 6784
13576666 6800
13667916 6816
13982500 6832
13715500 6848
13873708 6864
13775208 6880
13907000 6896
14084750 6912
13962583 6928
13463375 6944
13622458 6960
14810250 6976
14006791 6992
14099375 7008
14010625 7024
14124042 7040
14161666 7056
14235416 7072
14985750 7088
14387958 7104
14479417 7120
13814833 7136
14034958 7152
13993542 7168
14436959 7184
15198500 7200
14498666 7216
14378583 7232
14968917 7248
14577833 7264
14524042 7280
14598166 7296
14574500 7312
14264000 7328
14395000 7344
14523084 7360
14591958 7376
14758167 7392
14776208 7408
15655708 7424
14857375 7440
14893833 7456
14840458 7472
14786000 7488
14839083 7504
14243959 7520
14504584 7536
14570250 7552
14850875 7568
14891250 7584
14704334 7600
15408709 7616
16320958 7632
16084292 7648
15554291 7664
15844958 7680
16134417 7696
16343959 7712
15643916 7728
14874958 7744
14831084 7760
15791625 7776
15137334 7792
15335250 7808
15253625 7824
16555708 7840
15448000 7856
15367917 7872
15453583 7888
15051875 7904
15202459 7920
15312292 7936
15085292 7952
15360500 7968
15544500 7984
15482250 8000
15551500 8016
15588875 8032
16874917 8048
15987917 8064
15829125 8080
15944834 8096
16066833 8112
16099125 8128
15557959 8144
15505500 8160
15661459 8176
16106708 8192
16937375 8208
17945000 8224
17648417 8240
16064541 8256
15574917 8272
16518042 8288
16077000 8304
16130958 8320
16179542 8336
16214250 8352
15989709 8368
16185458 8384
16234917 8400
16368334 8416
17559291 8432
16196167 8448
15764750 8464
16276458 8480
16193125 8496
16360542 8512
16587375 8528
16371167 8544
16493709 8560
16847417 8576
16893834 8592
16920583 8608
18137125 8624
16867375 8640
16270042 8656
16430667 8672
16548250 8688
16705167 8704
16777333 8720
16850583 8736
16539500 8752
17419833 8768
16976167 8784
17680500 8800
16931917 8816
16689250 8832
16283625 8848
16751708 8864
16850375 8880
16949584 8896
17014708 8912
16873125 8928
17004750 8944
17133000 8960
17286541 8976
18596500 8992
